{"/Users/andreasbanholzer/PROJEKTE/2025-08-15--hack2build/2-workbench/2-privateShare-core/src/index.mjs": {"path":"/Users/andreasbanholzer/PROJEKTE/2025-08-15--hack2build/2-workbench/2-privateShare-core/src/index.mjs","statementMap":{},"fnMap":{},"branchMap":{},"s":{},"f":{},"b":{},"inputSourceMap":null,"_coverageSchema":"1a1c01bbd47fc00a2c39e90264f33305004495a9","hash":"63c8650ca6808a13d911ff7c1cd758cafcaf4957"}
,"/Users/andreasbanholzer/PROJEKTE/2025-08-15--hack2build/2-workbench/2-privateShare-core/src/task/PrivateShare.mjs": {"path":"/Users/andreasbanholzer/PROJEKTE/2025-08-15--hack2build/2-workbench/2-privateShare-core/src/task/PrivateShare.mjs","statementMap":{"0":{"start":{"line":4,"column":42},"end":{"line":4,"column":90}},"1":{"start":{"line":6,"column":8},"end":{"line":6,"column":40}},"2":{"start":{"line":11,"column":33},"end":{"line":11,"column":73}},"3":{"start":{"line":13,"column":8},"end":{"line":13,"column":31}},"4":{"start":{"line":18,"column":27},"end":{"line":18,"column":72}},"5":{"start":{"line":20,"column":8},"end":{"line":20,"column":25}},"6":{"start":{"line":26,"column":43},"end":{"line":26,"column":91}},"7":{"start":{"line":28,"column":8},"end":{"line":28,"column":41}},"8":{"start":{"line":33,"column":37},"end":{"line":33,"column":124}},"9":{"start":{"line":35,"column":8},"end":{"line":35,"column":35}},"10":{"start":{"line":41,"column":37},"end":{"line":41,"column":83}},"11":{"start":{"line":43,"column":8},"end":{"line":43,"column":35}},"12":{"start":{"line":48,"column":36},"end":{"line":48,"column":86}},"13":{"start":{"line":50,"column":8},"end":{"line":50,"column":34}},"14":{"start":{"line":56,"column":47},"end":{"line":56,"column":94}},"15":{"start":{"line":58,"column":8},"end":{"line":58,"column":45}},"16":{"start":{"line":64,"column":37},"end":{"line":64,"column":93}},"17":{"start":{"line":66,"column":8},"end":{"line":66,"column":35}},"18":{"start":{"line":72,"column":36},"end":{"line":72,"column":93}},"19":{"start":{"line":74,"column":8},"end":{"line":74,"column":34}},"20":{"start":{"line":79,"column":44},"end":{"line":79,"column":109}},"21":{"start":{"line":81,"column":8},"end":{"line":81,"column":42}},"22":{"start":{"line":87,"column":8},"end":{"line":87,"column":48}},"23":{"start":{"line":89,"column":8},"end":{"line":89,"column":31}},"24":{"start":{"line":96,"column":30},"end":{"line":96,"column":53}},"25":{"start":{"line":97,"column":27},"end":{"line":97,"column":47}},"26":{"start":{"line":98,"column":26},"end":{"line":98,"column":54}},"27":{"start":{"line":100,"column":8},"end":{"line":100,"column":40}},"28":{"start":{"line":106,"column":29},"end":{"line":106,"column":34}},"29":{"start":{"line":108,"column":8},"end":{"line":108,"column":31}},"30":{"start":{"line":114,"column":23},"end":{"line":114,"column":30}},"31":{"start":{"line":116,"column":8},"end":{"line":116,"column":25}},"32":{"start":{"line":122,"column":23},"end":{"line":122,"column":27}},"33":{"start":{"line":123,"column":25},"end":{"line":123,"column":27}},"34":{"start":{"line":124,"column":21},"end":{"line":129,"column":9}},"35":{"start":{"line":131,"column":8},"end":{"line":131,"column":41}},"36":{"start":{"line":137,"column":33},"end":{"line":137,"column":35}},"37":{"start":{"line":139,"column":8},"end":{"line":139,"column":35}},"38":{"start":{"line":145,"column":33},"end":{"line":145,"column":35}},"39":{"start":{"line":147,"column":8},"end":{"line":147,"column":35}},"40":{"start":{"line":153,"column":23},"end":{"line":153,"column":30}},"41":{"start":{"line":154,"column":24},"end":{"line":154,"column":28}},"42":{"start":{"line":156,"column":8},"end":{"line":156,"column":34}},"43":{"start":{"line":162,"column":26},"end":{"line":162,"column":31}},"44":{"start":{"line":163,"column":23},"end":{"line":163,"column":28}},"45":{"start":{"line":164,"column":24},"end":{"line":164,"column":28}},"46":{"start":{"line":166,"column":8},"end":{"line":166,"column":45}},"47":{"start":{"line":172,"column":23},"end":{"line":172,"column":27}},"48":{"start":{"line":173,"column":25},"end":{"line":173,"column":27}},"49":{"start":{"line":175,"column":8},"end":{"line":175,"column":35}},"50":{"start":{"line":181,"column":30},"end":{"line":181,"column":78}},"51":{"start":{"line":182,"column":32},"end":{"line":182,"column":39}},"52":{"start":{"line":184,"column":8},"end":{"line":184,"column":34}},"53":{"start":{"line":190,"column":40},"end":{"line":193,"column":11}},"54":{"start":{"line":191,"column":40},"end":{"line":191,"column":97}},"55":{"start":{"line":192,"column":12},"end":{"line":192,"column":48}},"56":{"start":{"line":195,"column":8},"end":{"line":195,"column":42}}},"fnMap":{"0":{"name":"(anonymous_0)","decl":{"start":{"line":3,"column":4},"end":{"line":3,"column":5}},"loc":{"start":{"line":3,"column":62},"end":{"line":7,"column":5}},"line":3},"1":{"name":"(anonymous_1)","decl":{"start":{"line":10,"column":4},"end":{"line":10,"column":5}},"loc":{"start":{"line":10,"column":41},"end":{"line":14,"column":5}},"line":10},"2":{"name":"(anonymous_2)","decl":{"start":{"line":17,"column":4},"end":{"line":17,"column":5}},"loc":{"start":{"line":17,"column":44},"end":{"line":21,"column":5}},"line":17},"3":{"name":"(anonymous_3)","decl":{"start":{"line":25,"column":4},"end":{"line":25,"column":5}},"loc":{"start":{"line":25,"column":51},"end":{"line":29,"column":5}},"line":25},"4":{"name":"(anonymous_4)","decl":{"start":{"line":32,"column":4},"end":{"line":32,"column":5}},"loc":{"start":{"line":32,"column":90},"end":{"line":36,"column":5}},"line":32},"5":{"name":"(anonymous_5)","decl":{"start":{"line":40,"column":4},"end":{"line":40,"column":5}},"loc":{"start":{"line":40,"column":69},"end":{"line":44,"column":5}},"line":40},"6":{"name":"(anonymous_6)","decl":{"start":{"line":47,"column":4},"end":{"line":47,"column":5}},"loc":{"start":{"line":47,"column":56},"end":{"line":51,"column":5}},"line":47},"7":{"name":"(anonymous_7)","decl":{"start":{"line":55,"column":4},"end":{"line":55,"column":5}},"loc":{"start":{"line":55,"column":63},"end":{"line":59,"column":5}},"line":55},"8":{"name":"(anonymous_8)","decl":{"start":{"line":63,"column":4},"end":{"line":63,"column":5}},"loc":{"start":{"line":63,"column":65},"end":{"line":67,"column":5}},"line":63},"9":{"name":"(anonymous_9)","decl":{"start":{"line":71,"column":4},"end":{"line":71,"column":5}},"loc":{"start":{"line":71,"column":61},"end":{"line":75,"column":5}},"line":71},"10":{"name":"(anonymous_10)","decl":{"start":{"line":78,"column":4},"end":{"line":78,"column":5}},"loc":{"start":{"line":78,"column":70},"end":{"line":82,"column":5}},"line":78},"11":{"name":"(anonymous_11)","decl":{"start":{"line":86,"column":4},"end":{"line":86,"column":5}},"loc":{"start":{"line":86,"column":20},"end":{"line":90,"column":5}},"line":86},"12":{"name":"(anonymous_12)","decl":{"start":{"line":190,"column":62},"end":{"line":190,"column":63}},"loc":{"start":{"line":190,"column":78},"end":{"line":193,"column":9}},"line":190}},"branchMap":{"0":{"loc":{"start":{"line":55,"column":42},"end":{"line":55,"column":58}},"type":"default-arg","locations":[{"start":{"line":55,"column":52},"end":{"line":55,"column":58}}],"line":55}},"s":{"0":0,"1":0,"2":0,"3":0,"4":0,"5":0,"6":0,"7":0,"8":0,"9":0,"10":0,"11":0,"12":0,"13":0,"14":0,"15":0,"16":0,"17":0,"18":0,"19":0,"20":0,"21":0,"22":1,"23":1,"24":0,"25":0,"26":0,"27":0,"28":0,"29":0,"30":0,"31":0,"32":0,"33":0,"34":0,"35":0,"36":0,"37":0,"38":0,"39":0,"40":0,"41":0,"42":0,"43":0,"44":0,"45":0,"46":0,"47":0,"48":0,"49":0,"50":0,"51":0,"52":0,"53":0,"54":0,"55":0,"56":0},"f":{"0":0,"1":0,"2":0,"3":0,"4":0,"5":0,"6":0,"7":0,"8":0,"9":0,"10":0,"11":1,"12":0},"b":{"0":[0]},"inputSourceMap":null,"_coverageSchema":"1a1c01bbd47fc00a2c39e90264f33305004495a9","hash":"65c20f581c437576973a70347dcfe2180caf68a2"}
,"/Users/andreasbanholzer/PROJEKTE/2025-08-15--hack2build/2-workbench/2-privateShare-core/src/task/ServerManager.mjs": {"path":"/Users/andreasbanholzer/PROJEKTE/2025-08-15--hack2build/2-workbench/2-privateShare-core/src/task/ServerManager.mjs","statementMap":{"0":{"start":{"line":5,"column":22},"end":{"line":5,"column":61}}},"fnMap":{"0":{"name":"(anonymous_0)","decl":{"start":{"line":5,"column":4},"end":{"line":5,"column":5}},"loc":{"start":{"line":5,"column":20},"end":{"line":5,"column":63}},"line":5}},"branchMap":{},"s":{"0":0},"f":{"0":0},"b":{},"inputSourceMap":null,"_coverageSchema":"1a1c01bbd47fc00a2c39e90264f33305004495a9","hash":"ab14af085cf5d6da093b39fe2c759c7e82c69088"}
}
