TN:
SF:src/index.mjs
FNF:0
FNH:0
LF:0
LH:0
BRF:0
BRH:0
end_of_record
TN:
SF:src/task/PrivateShare.mjs
FN:3,(anonymous_0)
FN:10,(anonymous_1)
FN:17,(anonymous_2)
FN:25,(anonymous_3)
FN:32,(anonymous_4)
FN:40,(anonymous_5)
FN:47,(anonymous_6)
FN:55,(anonymous_7)
FN:63,(anonymous_8)
FN:71,(anonymous_9)
FN:78,(anonymous_10)
FN:86,(anonymous_11)
FN:190,(anonymous_12)
FNF:13
FNH:1
FNDA:0,(anonymous_0)
FNDA:0,(anonymous_1)
FNDA:0,(anonymous_2)
FNDA:0,(anonymous_3)
FNDA:0,(anonymous_4)
FNDA:0,(anonymous_5)
FNDA:0,(anonymous_6)
FNDA:0,(anonymous_7)
FNDA:0,(anonymous_8)
FNDA:0,(anonymous_9)
FNDA:0,(anonymous_10)
FNDA:1,(anonymous_11)
FNDA:0,(anonymous_12)
DA:4,0
DA:6,0
DA:11,0
DA:13,0
DA:18,0
DA:20,0
DA:26,0
DA:28,0
DA:33,0
DA:35,0
DA:41,0
DA:43,0
DA:48,0
DA:50,0
DA:56,0
DA:58,0
DA:64,0
DA:66,0
DA:72,0
DA:74,0
DA:79,0
DA:81,0
DA:87,1
DA:89,1
DA:96,0
DA:97,0
DA:98,0
DA:100,0
DA:106,0
DA:108,0
DA:114,0
DA:116,0
DA:122,0
DA:123,0
DA:124,0
DA:131,0
DA:137,0
DA:139,0
DA:145,0
DA:147,0
DA:153,0
DA:154,0
DA:156,0
DA:162,0
DA:163,0
DA:164,0
DA:166,0
DA:172,0
DA:173,0
DA:175,0
DA:181,0
DA:182,0
DA:184,0
DA:190,0
DA:191,0
DA:192,0
DA:195,0
LF:57
LH:2
BRDA:55,0,0,0
BRF:1
BRH:0
end_of_record
TN:
SF:src/task/ServerManager.mjs
FN:5,(anonymous_0)
FNF:1
FNH:0
FNDA:0,(anonymous_0)
DA:5,0
LF:1
LH:0
BRF:0
BRH:0
end_of_record
